

                                                 â•­â”€â”€â”€â”€â”€â”€â”€â”€â”€â”€â”€â”€â”€â”€â”€â”€â”€â”€â”€â”€â”€â”€â”€â”€â”€â”€â”€â”€â”€â”€â”€â”€â”€â”€â”€â”€â”€â”€â”€â”€â”€â”€â”€â”€â”€â”€â”€â”€â”€â”€â”€â”€â”€â”€â”€â”€â”€â”€â”€â”€â”€â”€â”€â”€â”€â”€â”€â”€â”€â”€â”€â”€â”€â”€â”€â”€â”€â”€â•®                                                  
                                                 â”‚                                                                              â”‚                                                  
                                                 â”‚                         â–„â–€â–€ â–„â–€â–ˆ â–ˆâ–€â–€ â–€â–ˆâ–€ â–ˆâ–€â–„â–€â–ˆ â–ˆâ–€â–€ â–ˆâ–€â–ˆ                        â”‚                                                  
                                                 â”‚                         â–ˆâ–€  â–ˆâ–€â–ˆ â–„â–„â–ˆ  â–ˆ  â–ˆ â–€ â–ˆ â–ˆâ–„â–„ â–ˆâ–€â–€                        â”‚                                                  
                                                 â”‚                                                                              â”‚                                                  
                                                 â”‚                                FastMCP 2.14.0                                â”‚                                                  
                                                 â”‚                                                                              â”‚                                                  
                                                 â”‚                                                                              â”‚                                                  
                                                 â”‚                  ğŸ–¥  Server name: ImageExtractorServer                        â”‚                                                  
                                                 â”‚                                                                              â”‚                                                  
                                                 â”‚                  ğŸ“¦ Transport:   HTTP                                        â”‚                                                  
                                                 â”‚                  ğŸ”— Server URL:  http://127.0.0.1:37830/mcp                  â”‚                                                  
                                                 â”‚                                                                              â”‚                                                  
                                                 â”‚                  ğŸ“š Docs:        https://gofastmcp.com                       â”‚                                                  
                                                 â”‚                  ğŸš€ Hosting:     https://fastmcp.cloud                       â”‚                                                  
                                                 â”‚                                                                              â”‚                                                  
                                                 â•°â”€â”€â”€â”€â”€â”€â”€â”€â”€â”€â”€â”€â”€â”€â”€â”€â”€â”€â”€â”€â”€â”€â”€â”€â”€â”€â”€â”€â”€â”€â”€â”€â”€â”€â”€â”€â”€â”€â”€â”€â”€â”€â”€â”€â”€â”€â”€â”€â”€â”€â”€â”€â”€â”€â”€â”€â”€â”€â”€â”€â”€â”€â”€â”€â”€â”€â”€â”€â”€â”€â”€â”€â”€â”€â”€â”€â”€â”€â•¯                                                  


[02/16/26 10:34:08] INFO     Starting MCP server 'ImageExtractorServer' with transport 'http' on http://127.0.0.1:37830/mcp                                          server.py:2582
INFO:     Started server process [61701]
INFO:     Waiting for application startup.
INFO:     Application startup complete.
INFO:     Uvicorn running on http://127.0.0.1:37830 (Press CTRL+C to quit)
[02/16/26 10:34:11] Error calling tool 'extract_image_content'                                                                                                                     
                    â•­â”€â”€â”€â”€â”€â”€â”€â”€â”€â”€â”€â”€â”€â”€â”€â”€â”€â”€â”€â”€â”€â”€â”€â”€â”€â”€â”€â”€â”€â”€â”€â”€â”€â”€â”€â”€â”€â”€â”€â”€â”€â”€â”€â”€â”€â”€â”€â”€â”€â”€â”€â”€â”€â”€â”€â”€â”€â”€â”€â”€â”€ Traceback (most recent call last) â”€â”€â”€â”€â”€â”€â”€â”€â”€â”€â”€â”€â”€â”€â”€â”€â”€â”€â”€â”€â”€â”€â”€â”€â”€â”€â”€â”€â”€â”€â”€â”€â”€â”€â”€â”€â”€â”€â”€â”€â”€â”€â”€â”€â”€â”€â”€â”€â”€â”€â”€â”€â”€â”€â”€â”€â”€â”€â”€â”€â”€â•®
                    â”‚ /Users/zhuoran/.pyenv/versions/mcp-attack-suite/lib/python3.10/site-packages/httpx/_transports/default.py:101 in map_httpcore_exceptions                    â”‚
                    â”‚                                                                                                                                                             â”‚
                    â”‚    98 â”‚   if len(HTTPCORE_EXC_MAP) == 0:                                                                                                                    â”‚
                    â”‚    99 â”‚   â”‚   HTTPCORE_EXC_MAP = _load_httpcore_exceptions()                                                                                                â”‚
                    â”‚   100 â”‚   try:                                                                                                                                              â”‚
                    â”‚ â± 101 â”‚   â”‚   yield                                                                                                                                         â”‚
                    â”‚   102 â”‚   except Exception as exc:                                                                                                                          â”‚
                    â”‚   103 â”‚   â”‚   mapped_exc = None                                                                                                                             â”‚
                    â”‚   104                                                                                                                                                       â”‚
                    â”‚                                                                                                                                                             â”‚
                    â”‚ /Users/zhuoran/.pyenv/versions/mcp-attack-suite/lib/python3.10/site-packages/httpx/_transports/default.py:250 in handle_request                             â”‚
                    â”‚                                                                                                                                                             â”‚
                    â”‚   247 â”‚   â”‚   â”‚   extensions=request.extensions,                                                                                                            â”‚
                    â”‚   248 â”‚   â”‚   )                                                                                                                                             â”‚
                    â”‚   249 â”‚   â”‚   with map_httpcore_exceptions():                                                                                                               â”‚
                    â”‚ â± 250 â”‚   â”‚   â”‚   resp = self._pool.handle_request(req)                                                                                                     â”‚
                    â”‚   251 â”‚   â”‚                                                                                                                                                 â”‚
                    â”‚   252 â”‚   â”‚   assert isinstance(resp.stream, typing.Iterable)                                                                                               â”‚
                    â”‚   253                                                                                                                                                       â”‚
                    â”‚                                                                                                                                                             â”‚
                    â”‚                                                                   ... 6 frames hidden ...                                                                   â”‚
                    â”‚                                                                                                                                                             â”‚
                    â”‚ /Users/zhuoran/.pyenv/versions/3.10.14/lib/python3.10/contextlib.py:153 in __exit__                                                                         â”‚
                    â”‚                                                                                                                                                             â”‚
                    â”‚   150 â”‚   â”‚   â”‚   â”‚   # tell if we get the same exception back                                                                                              â”‚
                    â”‚   151 â”‚   â”‚   â”‚   â”‚   value = typ()                                                                                                                         â”‚
                    â”‚   152 â”‚   â”‚   â”‚   try:                                                                                                                                      â”‚
                    â”‚ â± 153 â”‚   â”‚   â”‚   â”‚   self.gen.throw(typ, value, traceback)                                                                                                 â”‚
                    â”‚   154 â”‚   â”‚   â”‚   except StopIteration as exc:                                                                                                              â”‚
                    â”‚   155 â”‚   â”‚   â”‚   â”‚   # Suppress StopIteration *unless* it's the same exception that                                                                        â”‚
                    â”‚   156 â”‚   â”‚   â”‚   â”‚   # was passed to throw().  This prevents a StopIteration                                                                               â”‚
                    â”‚                                                                                                                                                             â”‚
                    â”‚ /Users/zhuoran/.pyenv/versions/mcp-attack-suite/lib/python3.10/site-packages/httpcore/_exceptions.py:14 in map_exceptions                                   â”‚
                    â”‚                                                                                                                                                             â”‚
                    â”‚   11 â”‚   except Exception as exc:  # noqa: PIE786                                                                                                           â”‚
                    â”‚   12 â”‚   â”‚   for from_exc, to_exc in map.items():                                                                                                           â”‚
                    â”‚   13 â”‚   â”‚   â”‚   if isinstance(exc, from_exc):                                                                                                              â”‚
                    â”‚ â± 14 â”‚   â”‚   â”‚   â”‚   raise to_exc(exc) from exc                                                                                                             â”‚
                    â”‚   15 â”‚   â”‚   raise  # pragma: nocover                                                                                                                       â”‚
                    â”‚   16                                                                                                                                                        â”‚
                    â”‚   17                                                                                                                                                        â”‚
                    â•°â”€â”€â”€â”€â”€â”€â”€â”€â”€â”€â”€â”€â”€â”€â”€â”€â”€â”€â”€â”€â”€â”€â”€â”€â”€â”€â”€â”€â”€â”€â”€â”€â”€â”€â”€â”€â”€â”€â”€â”€â”€â”€â”€â”€â”€â”€â”€â”€â”€â”€â”€â”€â”€â”€â”€â”€â”€â”€â”€â”€â”€â”€â”€â”€â”€â”€â”€â”€â”€â”€â”€â”€â”€â”€â”€â”€â”€â”€â”€â”€â”€â”€â”€â”€â”€â”€â”€â”€â”€â”€â”€â”€â”€â”€â”€â”€â”€â”€â”€â”€â”€â”€â”€â”€â”€â”€â”€â”€â”€â”€â”€â”€â”€â”€â”€â”€â”€â”€â”€â”€â”€â”€â”€â”€â”€â”€â”€â”€â”€â”€â”€â”€â”€â”€â”€â”€â”€â”€â”€â”€â”€â”€â”€â”€â”€â”€â”€â”€â”€â”€â”€â”€â”€â”€â”€â”€â”€â•¯
                    ConnectError: [Errno 61] Connection refused                                                                                                                    
                                                                                                                                                                                   
                    The above exception was the direct cause of the following exception:                                                                                           
                                                                                                                                                                                   
                    â•­â”€â”€â”€â”€â”€â”€â”€â”€â”€â”€â”€â”€â”€â”€â”€â”€â”€â”€â”€â”€â”€â”€â”€â”€â”€â”€â”€â”€â”€â”€â”€â”€â”€â”€â”€â”€â”€â”€â”€â”€â”€â”€â”€â”€â”€â”€â”€â”€â”€â”€â”€â”€â”€â”€â”€â”€â”€â”€â”€â”€â”€ Traceback (most recent call last) â”€â”€â”€â”€â”€â”€â”€â”€â”€â”€â”€â”€â”€â”€â”€â”€â”€â”€â”€â”€â”€â”€â”€â”€â”€â”€â”€â”€â”€â”€â”€â”€â”€â”€â”€â”€â”€â”€â”€â”€â”€â”€â”€â”€â”€â”€â”€â”€â”€â”€â”€â”€â”€â”€â”€â”€â”€â”€â”€â”€â”€â•®
                    â”‚ /Users/zhuoran/.pyenv/versions/mcp-attack-suite/lib/python3.10/site-packages/openai/_base_client.py:982 in request                                          â”‚
                    â”‚                                                                                                                                                             â”‚
                    â”‚    979 â”‚   â”‚   â”‚                                                                                                                                            â”‚
                    â”‚    980 â”‚   â”‚   â”‚   response = None                                                                                                                          â”‚
                    â”‚    981 â”‚   â”‚   â”‚   try:                                                                                                                                     â”‚
                    â”‚ â±  982 â”‚   â”‚   â”‚   â”‚   response = self._client.send(                                                                                                        â”‚
                    â”‚    983 â”‚   â”‚   â”‚   â”‚   â”‚   request,                                                                                                                         â”‚
                    â”‚    984 â”‚   â”‚   â”‚   â”‚   â”‚   stream=stream or self._should_stream_response_body(request=request),                                                             â”‚
                    â”‚    985 â”‚   â”‚   â”‚   â”‚   â”‚   **kwargs,                                                                                                                        â”‚
                    â”‚                                                                                                                                                             â”‚
                    â”‚ /Users/zhuoran/.pyenv/versions/mcp-attack-suite/lib/python3.10/site-packages/httpx/_client.py:914 in send                                                   â”‚
                    â”‚                                                                                                                                                             â”‚
                    â”‚    911 â”‚   â”‚                                                                                                                                                â”‚
                    â”‚    912 â”‚   â”‚   auth = self._build_request_auth(request, auth)                                                                                               â”‚
                    â”‚    913 â”‚   â”‚                                                                                                                                                â”‚
                    â”‚ â±  914 â”‚   â”‚   response = self._send_handling_auth(                                                                                                         â”‚
                    â”‚    915 â”‚   â”‚   â”‚   request,                                                                                                                                 â”‚
                    â”‚    916 â”‚   â”‚   â”‚   auth=auth,                                                                                                                               â”‚
                    â”‚    917 â”‚   â”‚   â”‚   follow_redirects=follow_redirects,                                                                                                       â”‚
                    â”‚                                                                                                                                                             â”‚
                    â”‚                                                                   ... 4 frames hidden ...                                                                   â”‚
                    â”‚                                                                                                                                                             â”‚
                    â”‚ /Users/zhuoran/.pyenv/versions/3.10.14/lib/python3.10/contextlib.py:153 in __exit__                                                                         â”‚
                    â”‚                                                                                                                                                             â”‚
                    â”‚   150 â”‚   â”‚   â”‚   â”‚   # tell if we get the same exception back                                                                                              â”‚
                    â”‚   151 â”‚   â”‚   â”‚   â”‚   value = typ()                                                                                                                         â”‚
                    â”‚   152 â”‚   â”‚   â”‚   try:                                                                                                                                      â”‚
                    â”‚ â± 153 â”‚   â”‚   â”‚   â”‚   self.gen.throw(typ, value, traceback)                                                                                                 â”‚
                    â”‚   154 â”‚   â”‚   â”‚   except StopIteration as exc:                                                                                                              â”‚
                    â”‚   155 â”‚   â”‚   â”‚   â”‚   # Suppress StopIteration *unless* it's the same exception that                                                                        â”‚
                    â”‚   156 â”‚   â”‚   â”‚   â”‚   # was passed to throw().  This prevents a StopIteration                                                                               â”‚
                    â”‚                                                                                                                                                             â”‚
                    â”‚ /Users/zhuoran/.pyenv/versions/mcp-attack-suite/lib/python3.10/site-packages/httpx/_transports/default.py:118 in map_httpcore_exceptions                    â”‚
                    â”‚                                                                                                                                                             â”‚
                    â”‚   115 â”‚   â”‚   â”‚   raise                                                                                                                                     â”‚
                    â”‚   116 â”‚   â”‚                                                                                                                                                 â”‚
                    â”‚   117 â”‚   â”‚   message = str(exc)                                                                                                                            â”‚
                    â”‚ â± 118 â”‚   â”‚   raise mapped_exc(message) from exc                                                                                                            â”‚
                    â”‚   119                                                                                                                                                       â”‚
                    â”‚   120                                                                                                                                                       â”‚
                    â”‚   121 class ResponseStream(SyncByteStream):                                                                                                                 â”‚
                    â•°â”€â”€â”€â”€â”€â”€â”€â”€â”€â”€â”€â”€â”€â”€â”€â”€â”€â”€â”€â”€â”€â”€â”€â”€â”€â”€â”€â”€â”€â”€â”€â”€â”€â”€â”€â”€â”€â”€â”€â”€â”€â”€â”€â”€â”€â”€â”€â”€â”€â”€â”€â”€â”€â”€â”€â”€â”€â”€â”€â”€â”€â”€â”€â”€â”€â”€â”€â”€â”€â”€â”€â”€â”€â”€â”€â”€â”€â”€â”€â”€â”€â”€â”€â”€â”€â”€â”€â”€â”€â”€â”€â”€â”€â”€â”€â”€â”€â”€â”€â”€â”€â”€â”€â”€â”€â”€â”€â”€â”€â”€â”€â”€â”€â”€â”€â”€â”€â”€â”€â”€â”€â”€â”€â”€â”€â”€â”€â”€â”€â”€â”€â”€â”€â”€â”€â”€â”€â”€â”€â”€â”€â”€â”€â”€â”€â”€â”€â”€â”€â”€â”€â”€â”€â”€â”€â”€â”€â•¯
                    ConnectError: [Errno 61] Connection refused                                                                                                                    
                                                                                                                                                                                   
                    The above exception was the direct cause of the following exception:                                                                                           
                                                                                                                                                                                   
                    â•­â”€â”€â”€â”€â”€â”€â”€â”€â”€â”€â”€â”€â”€â”€â”€â”€â”€â”€â”€â”€â”€â”€â”€â”€â”€â”€â”€â”€â”€â”€â”€â”€â”€â”€â”€â”€â”€â”€â”€â”€â”€â”€â”€â”€â”€â”€â”€â”€â”€â”€â”€â”€â”€â”€â”€â”€â”€â”€â”€â”€â”€ Traceback (most recent call last) â”€â”€â”€â”€â”€â”€â”€â”€â”€â”€â”€â”€â”€â”€â”€â”€â”€â”€â”€â”€â”€â”€â”€â”€â”€â”€â”€â”€â”€â”€â”€â”€â”€â”€â”€â”€â”€â”€â”€â”€â”€â”€â”€â”€â”€â”€â”€â”€â”€â”€â”€â”€â”€â”€â”€â”€â”€â”€â”€â”€â”€â•®
                    â”‚ /Users/zhuoran/.pyenv/versions/mcp-attack-suite/lib/python3.10/site-packages/fastmcp/tools/tool_manager.py:160 in call_tool                                 â”‚
                    â”‚                                                                                                                                                             â”‚
                    â”‚ /Users/zhuoran/.pyenv/versions/mcp-attack-suite/lib/python3.10/site-packages/fastmcp/tools/tool.py:383 in run                                               â”‚
                    â”‚                                                                                                                                                             â”‚
                    â”‚                                                                   ... 4 frames hidden ...                                                                   â”‚
                    â”‚                                                                                                                                                             â”‚
                    â”‚ /Users/zhuoran/.pyenv/versions/mcp-attack-suite/lib/python3.10/site-packages/openai/_base_client.py:1259 in post                                            â”‚
                    â”‚                                                                                                                                                             â”‚
                    â”‚   1256 â”‚   â”‚   opts = FinalRequestOptions.construct(                                                                                                        â”‚
                    â”‚   1257 â”‚   â”‚   â”‚   method="post", url=path, json_data=body, files=to_httpx_files(files),                                                                    â”‚
                    â”‚        **options                                                                                                                                            â”‚
                    â”‚   1258 â”‚   â”‚   )                                                                                                                                            â”‚
                    â”‚ â± 1259 â”‚   â”‚   return cast(ResponseT, self.request(cast_to, opts, stream=stream,                                                                            â”‚
                    â”‚        stream_cls=stream_cls))                                                                                                                              â”‚
                    â”‚   1260 â”‚                                                                                                                                                    â”‚
                    â”‚   1261 â”‚   def patch(                                                                                                                                       â”‚
                    â”‚   1262 â”‚   â”‚   self,                                                                                                                                        â”‚
                    â”‚                                                                                                                                                             â”‚
                    â”‚ /Users/zhuoran/.pyenv/versions/mcp-attack-suite/lib/python3.10/site-packages/openai/_base_client.py:1014 in request                                         â”‚
                    â”‚                                                                                                                                                             â”‚
                    â”‚   1011 â”‚   â”‚   â”‚   â”‚   â”‚   continue                                                                                                                         â”‚
                    â”‚   1012 â”‚   â”‚   â”‚   â”‚                                                                                                                                        â”‚
                    â”‚   1013 â”‚   â”‚   â”‚   â”‚   log.debug("Raising connection error")                                                                                                â”‚
                    â”‚ â± 1014 â”‚   â”‚   â”‚   â”‚   raise APIConnectionError(request=request) from err                                                                                   â”‚
                    â”‚   1015 â”‚   â”‚   â”‚                                                                                                                                            â”‚
                    â”‚   1016 â”‚   â”‚   â”‚   log.debug(                                                                                                                               â”‚
                    â”‚   1017 â”‚   â”‚   â”‚   â”‚   'HTTP Response: %s %s "%i %s" %s',                                                                                                   â”‚
                    â•°â”€â”€â”€â”€â”€â”€â”€â”€â”€â”€â”€â”€â”€â”€â”€â”€â”€â”€â”€â”€â”€â”€â”€â”€â”€â”€â”€â”€â”€â”€â”€â”€â”€â”€â”€â”€â”€â”€â”€â”€â”€â”€â”€â”€â”€â”€â”€â”€â”€â”€â”€â”€â”€â”€â”€â”€â”€â”€â”€â”€â”€â”€â”€â”€â”€â”€â”€â”€â”€â”€â”€â”€â”€â”€â”€â”€â”€â”€â”€â”€â”€â”€â”€â”€â”€â”€â”€â”€â”€â”€â”€â”€â”€â”€â”€â”€â”€â”€â”€â”€â”€â”€â”€â”€â”€â”€â”€â”€â”€â”€â”€â”€â”€â”€â”€â”€â”€â”€â”€â”€â”€â”€â”€â”€â”€â”€â”€â”€â”€â”€â”€â”€â”€â”€â”€â”€â”€â”€â”€â”€â”€â”€â”€â”€â”€â”€â”€â”€â”€â”€â”€â”€â”€â”€â”€â”€â”€â•¯
                    APIConnectionError: Connection error.                                                                                                                          
INFO:     Shutting down
ERROR:    Cancel 0 running task(s), timeout graceful shutdown exceeded
INFO:     Waiting for application shutdown.
INFO:     Application shutdown complete.
INFO:     Finished server process [61701]
